# JRE version: Java(TM) SE Runtime Environment (8.0_111-b14) (build 1.8.0_111-b14)
# Java VM: Java HotSpot(TM) 64-Bit Server VM (25.111-b14 mixed mode windows-amd64 compressed oops)
Heap:
 PSYoungGen      total 143872K, used 30728K [0x00000000d5d80000, 0x00000000e5400000, 0x0000000100000000)
  eden space 133120K, 23% used [0x00000000d5d80000,0x00000000d7b82110,0x00000000ddf80000)
  from space 10752K, 0% used [0x00000000ddf80000,0x00000000ddf80000,0x00000000dea00000)
  to   space 19968K, 0% used [0x00000000e4080000,0x00000000e4080000,0x00000000e5400000)
 ParOldGen       total 133632K, used 37112K [0x0000000081800000, 0x0000000089a80000, 0x00000000d5d80000)
  object space 133632K, 27% used [0x0000000081800000,0x0000000083c3e268,0x0000000089a80000)
 Metaspace       used 35562K, capacity 36224K, committed 36352K, reserved 1081344K
  class space    used 4055K, capacity 4248K, committed 4352K, reserved 1048576K
GC Heap History (10 events):
Event: 7.262 GC heap before
{Heap before GC invocations=5 (full 0):
 PSYoungGen      total 71680K, used 71648K [0x00000000d5d80000, 0x00000000da880000, 0x0000000100000000)
  eden space 66560K, 100% used [0x00000000d5d80000,0x00000000d9e80000,0x00000000d9e80000)
  from space 5120K, 99% used [0x00000000da380000,0x00000000da878020,0x00000000da880000)
  to   space 5120K, 0% used [0x00000000d9e80000,0x00000000d9e80000,0x00000000da380000)
 ParOldGen       total 87552K, used 7223K [0x0000000081800000, 0x0000000086d80000, 0x00000000d5d80000)
  object space 87552K, 8% used [0x0000000081800000,0x0000000081f0dc10,0x0000000086d80000)
 Metaspace       used 18369K, capacity 18800K, committed 18944K, reserved 1067008K
  class space    used 2197K, capacity 2303K, committed 2304K, reserved 1048576K
Event: 7.291 GC heap after
Heap after GC invocations=5 (full 0):
 PSYoungGen      total 71680K, used 5104K [0x00000000d5d80000, 0x00000000df480000, 0x0000000100000000)
  eden space 66560K, 0% used [0x00000000d5d80000,0x00000000d5d80000,0x00000000d9e80000)
  from space 5120K, 99% used [0x00000000d9e80000,0x00000000da37c010,0x00000000da380000)
  to   space 10752K, 0% used [0x00000000dea00000,0x00000000dea00000,0x00000000df480000)
 ParOldGen       total 87552K, used 12454K [0x0000000081800000, 0x0000000086d80000, 0x00000000d5d80000)
  object space 87552K, 14% used [0x0000000081800000,0x0000000082429b28,0x0000000086d80000)
 Metaspace       used 18369K, capacity 18800K, committed 18944K, reserved 1067008K
  class space    used 2197K, capacity 2303K, committed 2304K, reserved 1048576K
}
Event: 7.845 GC heap before
{Heap before GC invocations=6 (full 0):
 PSYoungGen      total 71680K, used 19876K [0x00000000d5d80000, 0x00000000df480000, 0x0000000100000000)
  eden space 66560K, 22% used [0x00000000d5d80000,0x00000000d6bed3a8,0x00000000d9e80000)
  from space 5120K, 99% used [0x00000000d9e80000,0x00000000da37c010,0x00000000da380000)
  to   space 10752K, 0% used [0x00000000dea00000,0x00000000dea00000,0x00000000df480000)
 ParOldGen       total 87552K, used 12454K [0x0000000081800000, 0x0000000086d80000, 0x00000000d5d80000)
  object space 87552K, 14% used [0x0000000081800000,0x0000000082429b28,0x0000000086d80000)
 Metaspace       used 20613K, capacity 21140K, committed 21296K, reserved 1069056K
  class space    used 2480K, capacity 2639K, committed 2688K, reserved 1048576K
Event: 7.861 GC heap after
Heap after GC invocations=6 (full 0):
 PSYoungGen      total 143872K, used 6740K [0x00000000d5d80000, 0x00000000df480000, 0x0000000100000000)
  eden space 133120K, 0% used [0x00000000d5d80000,0x00000000d5d80000,0x00000000ddf80000)
  from space 10752K, 62% used [0x00000000dea00000,0x00000000df0951b8,0x00000000df480000)
  to   space 10752K, 0% used [0x00000000ddf80000,0x00000000ddf80000,0x00000000dea00000)
 ParOldGen       total 87552K, used 12462K [0x0000000081800000, 0x0000000086d80000, 0x00000000d5d80000)
  object space 87552K, 14% used [0x0000000081800000,0x000000008242bb28,0x0000000086d80000)
 Metaspace       used 20613K, capacity 21140K, committed 21296K, reserved 1069056K
  class space    used 2480K, capacity 2639K, committed 2688K, reserved 1048576K
}
Event: 7.861 GC heap before
{Heap before GC invocations=7 (full 1):
 PSYoungGen      total 143872K, used 6740K [0x00000000d5d80000, 0x00000000df480000, 0x0000000100000000)
  eden space 133120K, 0% used [0x00000000d5d80000,0x00000000d5d80000,0x00000000ddf80000)
  from space 10752K, 62% used [0x00000000dea00000,0x00000000df0951b8,0x00000000df480000)
  to   space 10752K, 0% used [0x00000000ddf80000,0x00000000ddf80000,0x00000000dea00000)
 ParOldGen       total 87552K, used 12462K [0x0000000081800000, 0x0000000086d80000, 0x00000000d5d80000)
  object space 87552K, 14% used [0x0000000081800000,0x000000008242bb28,0x0000000086d80000)
 Metaspace       used 20613K, capacity 21140K, committed 21296K, reserved 1069056K
  class space    used 2480K, capacity 2639K, committed 2688K, reserved 1048576K
Event: 7.948 GC heap after
Heap after GC invocations=7 (full 1):
 PSYoungGen      total 143872K, used 0K [0x00000000d5d80000, 0x00000000df480000, 0x0000000100000000)
  eden space 133120K, 0% used [0x00000000d5d80000,0x00000000d5d80000,0x00000000ddf80000)
  from space 10752K, 0% used [0x00000000dea00000,0x00000000dea00000,0x00000000df480000)
  to   space 10752K, 0% used [0x00000000ddf80000,0x00000000ddf80000,0x00000000dea00000)
 ParOldGen       total 64512K, used 11074K [0x0000000081800000, 0x0000000085700000, 0x00000000d5d80000)
  object space 64512K, 17% used [0x0000000081800000,0x00000000822d0a38,0x0000000085700000)
 Metaspace       used 20613K, capacity 21140K, committed 21296K, reserved 1069056K
  class space    used 2480K, capacity 2639K, committed 2688K, reserved 1048576K
}
Event: 10.407 GC heap before
{Heap before GC invocations=8 (full 1):
 PSYoungGen      total 143872K, used 123664K [0x00000000d5d80000, 0x00000000df480000, 0x0000000100000000)
  eden space 133120K, 92% used [0x00000000d5d80000,0x00000000dd6443b8,0x00000000ddf80000)
  from space 10752K, 0% used [0x00000000dea00000,0x00000000dea00000,0x00000000df480000)
  to   space 10752K, 0% used [0x00000000ddf80000,0x00000000ddf80000,0x00000000dea00000)
 ParOldGen       total 64512K, used 11074K [0x0000000081800000, 0x0000000085700000, 0x00000000d5d80000)
  object space 64512K, 17% used [0x0000000081800000,0x00000000822d0a38,0x0000000085700000)
 Metaspace       used 34777K, capacity 35368K, committed 35456K, reserved 1081344K
  class space    used 4010K, capacity 4181K, committed 4224K, reserved 1048576K
Event: 10.461 GC heap after
Heap after GC invocations=8 (full 1):
 PSYoungGen      total 143872K, used 10727K [0x00000000d5d80000, 0x00000000e5400000, 0x0000000100000000)
  eden space 133120K, 0% used [0x00000000d5d80000,0x00000000d5d80000,0x00000000ddf80000)
  from space 10752K, 99% used [0x00000000ddf80000,0x00000000de9f9e08,0x00000000dea00000)
  to   space 19968K, 0% used [0x00000000e4080000,0x00000000e4080000,0x00000000e5400000)
 ParOldGen       total 64512K, used 27585K [0x0000000081800000, 0x0000000085700000, 0x00000000d5d80000)
  object space 64512K, 42% used [0x0000000081800000,0x00000000832f05e8,0x0000000085700000)
 Metaspace       used 34777K, capacity 35368K, committed 35456K, reserved 1081344K
  class space    used 4010K, capacity 4181K, committed 4224K, reserved 1048576K
}
Event: 10.461 GC heap before
{Heap before GC invocations=9 (full 2):
 PSYoungGen      total 143872K, used 10727K [0x00000000d5d80000, 0x00000000e5400000, 0x0000000100000000)
  eden space 133120K, 0% used [0x00000000d5d80000,0x00000000d5d80000,0x00000000ddf80000)
  from space 10752K, 99% used [0x00000000ddf80000,0x00000000de9f9e08,0x00000000dea00000)
  to   space 19968K, 0% used [0x00000000e4080000,0x00000000e4080000,0x00000000e5400000)
 ParOldGen       total 64512K, used 27585K [0x0000000081800000, 0x0000000085700000, 0x00000000d5d80000)
  object space 64512K, 42% used [0x0000000081800000,0x00000000832f05e8,0x0000000085700000)
 Metaspace       used 34777K, capacity 35368K, committed 35456K, reserved 1081344K
  class space    used 4010K, capacity 4181K, committed 4224K, reserved 1048576K
Event: 10.710 GC heap after
Heap after GC invocations=9 (full 2):
 PSYoungGen      total 143872K, used 0K [0x00000000d5d80000, 0x00000000e5400000, 0x0000000100000000)
  eden space 133120K, 0% used [0x00000000d5d80000,0x00000000d5d80000,0x00000000ddf80000)
  from space 10752K, 0% used [0x00000000ddf80000,0x00000000ddf80000,0x00000000dea00000)
  to   space 19968K, 0% used [0x00000000e4080000,0x00000000e4080000,0x00000000e5400000)
 ParOldGen       total 133632K, used 37112K [0x0000000081800000, 0x0000000089a80000, 0x00000000d5d80000)
  object space 133632K, 27% used [0x0000000081800000,0x0000000083c3e268,0x0000000089a80000)
 Metaspace       used 34777K, capacity 35368K, committed 35456K, reserved 1081344K
  class space    used 4010K, capacity 4181K, committed 4224K, reserved 1048576K
}

