# JRE version: Java(TM) SE Runtime Environment (8.0_111-b14) (build 1.8.0_111-b14)
# Java VM: Java HotSpot(TM) 64-Bit Server VM (25.111-b14 mixed mode windows-amd64 compressed oops)
Heap:
 PSYoungGen      total 143360K, used 57987K [0x00000000d5d80000, 0x00000000e4680000, 0x0000000100000000)
  eden space 133120K, 43% used [0x00000000d5d80000,0x00000000d9620e88,0x00000000ddf80000)
  from space 10240K, 0% used [0x00000000ddf80000,0x00000000ddf80000,0x00000000de980000)
  to   space 19968K, 0% used [0x00000000e3300000,0x00000000e3300000,0x00000000e4680000)
 ParOldGen       total 67584K, used 37350K [0x0000000081800000, 0x0000000085a00000, 0x00000000d5d80000)
  object space 67584K, 55% used [0x0000000081800000,0x0000000083c799d8,0x0000000085a00000)
 Metaspace       used 38936K, capacity 39834K, committed 40192K, reserved 1085440K
  class space    used 4499K, capacity 4765K, committed 4864K, reserved 1048576K
GC Heap History (10 events):
Event: 5.477 GC heap before
{Heap before GC invocations=5 (full 0):
 PSYoungGen      total 71680K, used 71648K [0x00000000d5d80000, 0x00000000da880000, 0x0000000100000000)
  eden space 66560K, 100% used [0x00000000d5d80000,0x00000000d9e80000,0x00000000d9e80000)
  from space 5120K, 99% used [0x00000000da380000,0x00000000da878040,0x00000000da880000)
  to   space 5120K, 0% used [0x00000000d9e80000,0x00000000d9e80000,0x00000000da380000)
 ParOldGen       total 87552K, used 6891K [0x0000000081800000, 0x0000000086d80000, 0x00000000d5d80000)
  object space 87552K, 7% used [0x0000000081800000,0x0000000081ebae80,0x0000000086d80000)
 Metaspace       used 18333K, capacity 18800K, committed 18944K, reserved 1067008K
  class space    used 2197K, capacity 2303K, committed 2304K, reserved 1048576K
Event: 5.500 GC heap after
Heap after GC invocations=5 (full 0):
 PSYoungGen      total 71680K, used 5104K [0x00000000d5d80000, 0x00000000df480000, 0x0000000100000000)
  eden space 66560K, 0% used [0x00000000d5d80000,0x00000000d5d80000,0x00000000d9e80000)
  from space 5120K, 99% used [0x00000000d9e80000,0x00000000da37c030,0x00000000da380000)
  to   space 10752K, 0% used [0x00000000dea00000,0x00000000dea00000,0x00000000df480000)
 ParOldGen       total 87552K, used 12116K [0x0000000081800000, 0x0000000086d80000, 0x00000000d5d80000)
  object space 87552K, 13% used [0x0000000081800000,0x00000000823d5230,0x0000000086d80000)
 Metaspace       used 18333K, capacity 18800K, committed 18944K, reserved 1067008K
  class space    used 2197K, capacity 2303K, committed 2304K, reserved 1048576K
}
Event: 6.002 GC heap before
{Heap before GC invocations=6 (full 0):
 PSYoungGen      total 71680K, used 21130K [0x00000000d5d80000, 0x00000000df480000, 0x0000000100000000)
  eden space 66560K, 24% used [0x00000000d5d80000,0x00000000d6d26870,0x00000000d9e80000)
  from space 5120K, 99% used [0x00000000d9e80000,0x00000000da37c030,0x00000000da380000)
  to   space 10752K, 0% used [0x00000000dea00000,0x00000000dea00000,0x00000000df480000)
 ParOldGen       total 87552K, used 12116K [0x0000000081800000, 0x0000000086d80000, 0x00000000d5d80000)
  object space 87552K, 13% used [0x0000000081800000,0x00000000823d5230,0x0000000086d80000)
 Metaspace       used 20624K, capacity 21140K, committed 21296K, reserved 1069056K
  class space    used 2489K, capacity 2639K, committed 2688K, reserved 1048576K
Event: 6.019 GC heap after
Heap after GC invocations=6 (full 0):
 PSYoungGen      total 142848K, used 6713K [0x00000000d5d80000, 0x00000000df380000, 0x0000000100000000)
  eden space 133120K, 0% used [0x00000000d5d80000,0x00000000d5d80000,0x00000000ddf80000)
  from space 9728K, 69% used [0x00000000dea00000,0x00000000df08e6b8,0x00000000df380000)
  to   space 10240K, 0% used [0x00000000ddf80000,0x00000000ddf80000,0x00000000de980000)
 ParOldGen       total 87552K, used 12124K [0x0000000081800000, 0x0000000086d80000, 0x00000000d5d80000)
  object space 87552K, 13% used [0x0000000081800000,0x00000000823d7230,0x0000000086d80000)
 Metaspace       used 20624K, capacity 21140K, committed 21296K, reserved 1069056K
  class space    used 2489K, capacity 2639K, committed 2688K, reserved 1048576K
}
Event: 6.019 GC heap before
{Heap before GC invocations=7 (full 1):
 PSYoungGen      total 142848K, used 6713K [0x00000000d5d80000, 0x00000000df380000, 0x0000000100000000)
  eden space 133120K, 0% used [0x00000000d5d80000,0x00000000d5d80000,0x00000000ddf80000)
  from space 9728K, 69% used [0x00000000dea00000,0x00000000df08e6b8,0x00000000df380000)
  to   space 10240K, 0% used [0x00000000ddf80000,0x00000000ddf80000,0x00000000de980000)
 ParOldGen       total 87552K, used 12124K [0x0000000081800000, 0x0000000086d80000, 0x00000000d5d80000)
  object space 87552K, 13% used [0x0000000081800000,0x00000000823d7230,0x0000000086d80000)
 Metaspace       used 20624K, capacity 21140K, committed 21296K, reserved 1069056K
  class space    used 2489K, capacity 2639K, committed 2688K, reserved 1048576K
Event: 6.122 GC heap after
Heap after GC invocations=7 (full 1):
 PSYoungGen      total 142848K, used 0K [0x00000000d5d80000, 0x00000000df380000, 0x0000000100000000)
  eden space 133120K, 0% used [0x00000000d5d80000,0x00000000d5d80000,0x00000000ddf80000)
  from space 9728K, 0% used [0x00000000dea00000,0x00000000dea00000,0x00000000df380000)
  to   space 10240K, 0% used [0x00000000ddf80000,0x00000000ddf80000,0x00000000de980000)
 ParOldGen       total 67584K, used 11008K [0x0000000081800000, 0x0000000085a00000, 0x00000000d5d80000)
  object space 67584K, 16% used [0x0000000081800000,0x00000000822c02d8,0x0000000085a00000)
 Metaspace       used 20624K, capacity 21140K, committed 21296K, reserved 1069056K
  class space    used 2489K, capacity 2639K, committed 2688K, reserved 1048576K
}
Event: 8.670 GC heap before
{Heap before GC invocations=8 (full 1):
 PSYoungGen      total 142848K, used 126393K [0x00000000d5d80000, 0x00000000df380000, 0x0000000100000000)
  eden space 133120K, 94% used [0x00000000d5d80000,0x00000000dd8ee498,0x00000000ddf80000)
  from space 9728K, 0% used [0x00000000dea00000,0x00000000dea00000,0x00000000df380000)
  to   space 10240K, 0% used [0x00000000ddf80000,0x00000000ddf80000,0x00000000de980000)
 ParOldGen       total 67584K, used 11008K [0x0000000081800000, 0x0000000085a00000, 0x00000000d5d80000)
  object space 67584K, 16% used [0x0000000081800000,0x00000000822c02d8,0x0000000085a00000)
 Metaspace       used 34827K, capacity 35400K, committed 35456K, reserved 1081344K
  class space    used 4027K, capacity 4213K, committed 4224K, reserved 1048576K
Event: 8.714 GC heap after
Heap after GC invocations=8 (full 1):
 PSYoungGen      total 143360K, used 10237K [0x00000000d5d80000, 0x00000000e4680000, 0x0000000100000000)
  eden space 133120K, 0% used [0x00000000d5d80000,0x00000000d5d80000,0x00000000ddf80000)
  from space 10240K, 99% used [0x00000000ddf80000,0x00000000de97f628,0x00000000de980000)
  to   space 19968K, 0% used [0x00000000e3300000,0x00000000e3300000,0x00000000e4680000)
 ParOldGen       total 67584K, used 28203K [0x0000000081800000, 0x0000000085a00000, 0x00000000d5d80000)
  object space 67584K, 41% used [0x0000000081800000,0x000000008338ac30,0x0000000085a00000)
 Metaspace       used 34827K, capacity 35400K, committed 35456K, reserved 1081344K
  class space    used 4027K, capacity 4213K, committed 4224K, reserved 1048576K
}
Event: 8.715 GC heap before
{Heap before GC invocations=9 (full 2):
 PSYoungGen      total 143360K, used 10237K [0x00000000d5d80000, 0x00000000e4680000, 0x0000000100000000)
  eden space 133120K, 0% used [0x00000000d5d80000,0x00000000d5d80000,0x00000000ddf80000)
  from space 10240K, 99% used [0x00000000ddf80000,0x00000000de97f628,0x00000000de980000)
  to   space 19968K, 0% used [0x00000000e3300000,0x00000000e3300000,0x00000000e4680000)
 ParOldGen       total 67584K, used 28203K [0x0000000081800000, 0x0000000085a00000, 0x00000000d5d80000)
  object space 67584K, 41% used [0x0000000081800000,0x000000008338ac30,0x0000000085a00000)
 Metaspace       used 34827K, capacity 35400K, committed 35456K, reserved 1081344K
  class space    used 4027K, capacity 4213K, committed 4224K, reserved 1048576K
Event: 9.011 GC heap after
Heap after GC invocations=9 (full 2):
 PSYoungGen      total 143360K, used 0K [0x00000000d5d80000, 0x00000000e4680000, 0x0000000100000000)
  eden space 133120K, 0% used [0x00000000d5d80000,0x00000000d5d80000,0x00000000ddf80000)
  from space 10240K, 0% used [0x00000000ddf80000,0x00000000ddf80000,0x00000000de980000)
  to   space 19968K, 0% used [0x00000000e3300000,0x00000000e3300000,0x00000000e4680000)
 ParOldGen       total 67584K, used 37350K [0x0000000081800000, 0x0000000085a00000, 0x00000000d5d80000)
  object space 67584K, 55% used [0x0000000081800000,0x0000000083c799d8,0x0000000085a00000)
 Metaspace       used 34827K, capacity 35400K, committed 35456K, reserved 1081344K
  class space    used 4027K, capacity 4213K, committed 4224K, reserved 1048576K
}

